[      42ms] [ERROR] Failed to load resource: the server responded with a status of 404 (File not found) @ http://localhost:8082/favicon.ico:0
[  209876ms] [LOG] card 0 IDS selected: false class: card @ :6
[  209876ms] [LOG] card 1 EDR selected: false class: card @ :6
[  209876ms] [LOG] card 2 加密传输 selected: false class: card @ :6
[  209876ms] [LOG] card 3 防火墙 selected: false class: card @ :6
[  209876ms] [LOG] card 4 WAF selected: false class: card @ :6
[  253139ms] [LOG] WAF in hand: true power: 10 selectedCard: null @ :2
[  527097ms] [LOG] First card: 防火墙 cost: 3 power: 10 @ :2
[  527097ms] [LOG] After onCardClick - selectedCard: 防火墙 @ :5
[  527097ms] [LOG] UI selected count: 1 @ :7
[  573834ms] [LOG] Selected card: null @ :4
[  573834ms] [LOG] Game power: 10 @ :5
[  573834ms] [LOG] Canvas rect: 1032 637 @ :8
[  573834ms] [LOG] Lane 0 Y: 80 range: -10 to 170 inLane: true @ :14
[  573834ms] [LOG] Lane 1 Y: 260 range: 170 to 350 inLane: false @ :14
[  573834ms] [LOG] Lane 2 Y: 440 range: 350 to 530 inLane: false @ :14
[  583736ms] [LOG] Testing onCardClick with: 应急响应 @ :3
[  583736ms] [LOG] selectedCard after: 应急响应 @ :5
[  583736ms] [LOG] Detected lane: 0 @ :12
[  583736ms] [LOG] Manual deploy succeeded @ :21
[  655087ms] [LOG] Deployed, units: 1 @ :25
[ 1272312ms] Identifier 'totalCore' has already been declared
